[0.019s] Invoking command in '/root/ros2_ws/src/cpp_pubsub/build/cpp_pubsub': CMAKE_PREFIX_PATH=${CMAKE_PREFIX_PATH}:/root/ros2_ws/install/launch_testing_examples:/root/ros2_ws/install/examples_rclpy_pointcloud_publisher:/root/ros2_ws/install/examples_rclpy_minimal_subscriber:/root/ros2_ws/install/examples_rclpy_minimal_service:/root/ros2_ws/install/examples_rclpy_minimal_publisher:/root/ros2_ws/install/examples_rclpy_minimal_client:/root/ros2_ws/install/examples_rclpy_minimal_action_server:/root/ros2_ws/install/examples_rclpy_minimal_action_client:/root/ros2_ws/install/examples_rclpy_guard_conditions:/root/ros2_ws/install/examples_rclpy_executors:/opt/ros/humble /usr/bin/cmake /root/ros2_ws/src/cpp_pubsub -DCMAKE_INSTALL_PREFIX=/root/ros2_ws/src/cpp_pubsub/install/cpp_pubsub
[0.081s] -- The C compiler identification is GNU 11.4.0
[0.140s] -- The CXX compiler identification is GNU 11.4.0
[0.148s] -- Detecting C compiler ABI info
[0.216s] -- Detecting C compiler ABI info - done
[0.223s] -- Check for working C compiler: /usr/bin/cc - skipped
[0.224s] -- Detecting C compile features
[0.224s] -- Detecting C compile features - done
[0.227s] -- Detecting CXX compiler ABI info
[0.304s] -- Detecting CXX compiler ABI info - done
[0.310s] -- Check for working CXX compiler: /usr/bin/c++ - skipped
[0.311s] -- Detecting CXX compile features
[0.311s] -- Detecting CXX compile features - done
[0.315s] -- Found ament_cmake: 1.3.10 (/opt/ros/humble/share/ament_cmake/cmake)
[0.457s] -- Found Python3: /usr/bin/python3 (found version "3.10.12") found components: Interpreter 
[0.554s] -- Found rclcpp: 16.0.10 (/opt/ros/humble/share/rclcpp/cmake)
[0.601s] -- Found rosidl_generator_c: 3.1.5 (/opt/ros/humble/share/rosidl_generator_c/cmake)
[0.609s] -- Found rosidl_adapter: 3.1.5 (/opt/ros/humble/share/rosidl_adapter/cmake)
[0.618s] -- Found rosidl_generator_cpp: 3.1.5 (/opt/ros/humble/share/rosidl_generator_cpp/cmake)
[0.631s] -- Using all available rosidl_typesupport_c: rosidl_typesupport_fastrtps_c;rosidl_typesupport_introspection_c
[0.650s] -- Using all available rosidl_typesupport_cpp: rosidl_typesupport_fastrtps_cpp;rosidl_typesupport_introspection_cpp
[0.701s] -- Found rmw_implementation_cmake: 6.1.2 (/opt/ros/humble/share/rmw_implementation_cmake/cmake)
[0.705s] -- Found rmw_fastrtps_cpp: 6.2.7 (/opt/ros/humble/share/rmw_fastrtps_cpp/cmake)
[0.787s] -- Found OpenSSL: /usr/lib/x86_64-linux-gnu/libcrypto.so (found version "3.0.2")  
[0.811s] -- Found FastRTPS: /opt/ros/humble/include  
[0.847s] -- Using RMW implementation 'rmw_fastrtps_cpp' as default
[0.859s] -- Looking for pthread.h
[0.925s] -- Looking for pthread.h - found
[0.925s] -- Performing Test CMAKE_HAVE_LIBC_PTHREAD
[0.997s] -- Performing Test CMAKE_HAVE_LIBC_PTHREAD - Success
[0.998s] -- Found Threads: TRUE  
[1.117s] -- Configuring done
[1.127s] -- Generating done
[1.130s] -- Build files have been written to: /root/ros2_ws/src/cpp_pubsub/build/cpp_pubsub
[1.136s] Invoked command in '/root/ros2_ws/src/cpp_pubsub/build/cpp_pubsub' returned '0': CMAKE_PREFIX_PATH=${CMAKE_PREFIX_PATH}:/root/ros2_ws/install/launch_testing_examples:/root/ros2_ws/install/examples_rclpy_pointcloud_publisher:/root/ros2_ws/install/examples_rclpy_minimal_subscriber:/root/ros2_ws/install/examples_rclpy_minimal_service:/root/ros2_ws/install/examples_rclpy_minimal_publisher:/root/ros2_ws/install/examples_rclpy_minimal_client:/root/ros2_ws/install/examples_rclpy_minimal_action_server:/root/ros2_ws/install/examples_rclpy_minimal_action_client:/root/ros2_ws/install/examples_rclpy_guard_conditions:/root/ros2_ws/install/examples_rclpy_executors:/opt/ros/humble /usr/bin/cmake /root/ros2_ws/src/cpp_pubsub -DCMAKE_INSTALL_PREFIX=/root/ros2_ws/src/cpp_pubsub/install/cpp_pubsub
[1.138s] Invoking command in '/root/ros2_ws/src/cpp_pubsub/build/cpp_pubsub': CMAKE_PREFIX_PATH=${CMAKE_PREFIX_PATH}:/root/ros2_ws/install/launch_testing_examples:/root/ros2_ws/install/examples_rclpy_pointcloud_publisher:/root/ros2_ws/install/examples_rclpy_minimal_subscriber:/root/ros2_ws/install/examples_rclpy_minimal_service:/root/ros2_ws/install/examples_rclpy_minimal_publisher:/root/ros2_ws/install/examples_rclpy_minimal_client:/root/ros2_ws/install/examples_rclpy_minimal_action_server:/root/ros2_ws/install/examples_rclpy_minimal_action_client:/root/ros2_ws/install/examples_rclpy_guard_conditions:/root/ros2_ws/install/examples_rclpy_executors:/opt/ros/humble /usr/bin/cmake --build /root/ros2_ws/src/cpp_pubsub/build/cpp_pubsub -- -j16 -l16
[1.189s] [ 50%] [32mBuilding CXX object CMakeFiles/listener.dir/src/subscriber_member_function.cpp.o[0m
[1.189s] [ 50%] [32mBuilding CXX object CMakeFiles/talker.dir/src/publisher_member_function.cpp.o[0m
[3.318s] [01m[K/root/ros2_ws/src/cpp_pubsub/src/publisher_member_function.cpp:[m[K In constructor â€˜[01m[KMinimalPublisher::MinimalPublisher()[m[Kâ€™:
[3.318s] [01m[K/root/ros2_ws/src/cpp_pubsub/src/publisher_member_function.cpp:40:32:[m[K [01;31m[Kerror: [m[Kclass â€˜[01m[KMinimalPublisher[m[Kâ€™ does not have any field named â€˜[01m[Kcount_[m[Kâ€™
[3.318s]    40 |   : Node("minimal_publisher"), [01;31m[Kcount_[m[K(0)
[3.318s]       |                                [01;31m[K^~~~~~[m[K
[3.324s] [01m[K/root/ros2_ws/src/cpp_pubsub/src/publisher_member_function.cpp:42:5:[m[K [01;31m[Kerror: [m[Kâ€˜[01m[Kpublisher_[m[Kâ€™ was not declared in this scope; did you mean â€˜[01m[Krmw_publisher_t[m[Kâ€™?
[3.324s]    42 |     [01;31m[Kpublisher_[m[K = this->create_publisher<std_msgs::msg::String>("topic", 10);
[3.324s]       |     [01;31m[K^~~~~~~~~~[m[K
[3.324s]       |     [32m[Krmw_publisher_t[m[K
[3.332s] [01m[K/root/ros2_ws/src/cpp_pubsub/src/publisher_member_function.cpp:43:5:[m[K [01;31m[Kerror: [m[Kâ€˜[01m[Ktimer_[m[Kâ€™ was not declared in this scope; did you mean â€˜[01m[Ktimer_t[m[Kâ€™?
[3.333s]    43 |     [01;31m[Ktimer_[m[K = this->create_wall_timer(
[3.333s]       |     [01;31m[K^~~~~~[m[K
[3.333s]       |     [32m[Ktimer_t[m[K
[3.346s] [01m[K/root/ros2_ws/src/cpp_pubsub/src/publisher_member_function.cpp:[m[K In member function â€˜[01m[Kvoid MinimalPublisher::timer_callback()[m[Kâ€™:
[3.346s] [01m[K/root/ros2_ws/src/cpp_pubsub/src/publisher_member_function.cpp:51:54:[m[K [01;31m[Kerror: [m[Kâ€˜[01m[Kcount_[m[Kâ€™ was not declared in this scope
[3.346s]    51 |     message.data = "Hello, world! " + std::to_string([01;31m[Kcount_[m[K++);
[3.346s]       |                                                      [01;31m[K^~~~~~[m[K
[3.352s] [01m[K/root/ros2_ws/src/cpp_pubsub/src/publisher_member_function.cpp:53:5:[m[K [01;31m[Kerror: [m[Kâ€˜[01m[Kpublisher_[m[Kâ€™ was not declared in this scope; did you mean â€˜[01m[Krmw_publisher_t[m[Kâ€™?
[3.352s]    53 |     [01;31m[Kpublisher_[m[K->publish(message);
[3.352s]       |     [01;31m[K^~~~~~~~~~[m[K
[3.352s]       |     [32m[Krmw_publisher_t[m[K
[3.352s] [01m[K/root/ros2_ws/src/cpp_pubsub/src/publisher_member_function.cpp:[m[K At global scope:
[3.352s] [01m[K/root/ros2_ws/src/cpp_pubsub/src/publisher_member_function.cpp:59:32:[m[K [01;31m[Kerror: [m[Kexpected initializer before â€˜[01m[Ktimer_[m[Kâ€™
[3.352s]    59 |   rclcpp::TimerBase::SharedPtr [01;31m[Ktimer_[m[K;
[3.352s]       |                                [01;31m[K^~~~~~[m[K
[3.354s] [01m[K/root/ros2_ws/src/cpp_pubsub/src/publisher_member_function.cpp:62:1:[m[K [01;31m[Kerror: [m[Kexpected declaration before â€˜[01m[K}[m[Kâ€™ token
[3.354s]    62 | [01;31m[K}[m[K;
[3.354s]       | [01;31m[K^[m[K
[3.999s] gmake[2]: *** [CMakeFiles/talker.dir/build.make:76: CMakeFiles/talker.dir/src/publisher_member_function.cpp.o] Error 1
[3.999s] gmake[1]: *** [CMakeFiles/Makefile2:139: CMakeFiles/talker.dir/all] Error 2
[3.999s] gmake[1]: *** Waiting for unfinished jobs....
[8.477s] [ 75%] [32m[1mLinking CXX executable listener[0m
[8.781s] [ 75%] Built target listener
[8.782s] gmake: *** [Makefile:146: all] Error 2
[8.784s] Invoked command in '/root/ros2_ws/src/cpp_pubsub/build/cpp_pubsub' returned '2': CMAKE_PREFIX_PATH=${CMAKE_PREFIX_PATH}:/root/ros2_ws/install/launch_testing_examples:/root/ros2_ws/install/examples_rclpy_pointcloud_publisher:/root/ros2_ws/install/examples_rclpy_minimal_subscriber:/root/ros2_ws/install/examples_rclpy_minimal_service:/root/ros2_ws/install/examples_rclpy_minimal_publisher:/root/ros2_ws/install/examples_rclpy_minimal_client:/root/ros2_ws/install/examples_rclpy_minimal_action_server:/root/ros2_ws/install/examples_rclpy_minimal_action_client:/root/ros2_ws/install/examples_rclpy_guard_conditions:/root/ros2_ws/install/examples_rclpy_executors:/opt/ros/humble /usr/bin/cmake --build /root/ros2_ws/src/cpp_pubsub/build/cpp_pubsub -- -j16 -l16
